DEBUG:urllib3.connectionpool:Starting new HTTPS connection (1): www.sec.gov:443
DEBUG:urllib3.connectionpool:https://www.sec.gov:443 "GET /Archives/edgar/cik-lookup-data.txt HTTP/1.1" 403 2179
DEBUG:urllib3.connectionpool:Starting new HTTPS connection (1): www.sec.gov:443
DEBUG:urllib3.connectionpool:https://www.sec.gov:443 "GET /Archives/edgar/cik-lookup-data.txt HTTP/1.1" 403 2178
DEBUG:urllib3.connectionpool:Starting new HTTPS connection (1): www.sec.gov:443
DEBUG:urllib3.connectionpool:https://www.sec.gov:443 "GET /Archives/edgar/cik-lookup-data.txt HTTP/1.1" 403 2178
DEBUG:urllib3.connectionpool:Starting new HTTPS connection (1): www.sec.gov:443
DEBUG:urllib3.connectionpool:https://www.sec.gov:443 "GET /Archives/edgar/cik-lookup-data.txt HTTP/1.1" 403 2178
DEBUG:urllib3.connectionpool:Starting new HTTPS connection (1): www.sec.gov:443
DEBUG:urllib3.connectionpool:https://www.sec.gov:443 "GET /Archives/edgar/cik-lookup-data.txt HTTP/1.1" 403 2178
DEBUG:urllib3.connectionpool:Starting new HTTPS connection (1): www.sec.gov:443
DEBUG:urllib3.connectionpool:https://www.sec.gov:443 "GET /Archives/edgar/cik-lookup-data.txt HTTP/1.1" 403 2178
DEBUG:urllib3.connectionpool:Starting new HTTPS connection (1): www.sec.gov:443
DEBUG:urllib3.connectionpool:https://www.sec.gov:443 "GET /Archives/edgar/cik-lookup-data.txt HTTP/1.1" 403 2178
DEBUG:urllib3.connectionpool:Starting new HTTPS connection (1): www.sec.gov:443
DEBUG:urllib3.connectionpool:https://www.sec.gov:443 "GET /Archives/edgar/cik-lookup-data.txt HTTP/1.1" 403 2179
DEBUG:urllib3.connectionpool:Starting new HTTPS connection (1): www.sec.gov:443
DEBUG:urllib3.connectionpool:https://www.sec.gov:443 "GET /Archives/edgar/cik-lookup-data.txt HTTP/1.1" 200 9140634
DEBUG:urllib3.connectionpool:Starting new HTTPS connection (1): www.sec.gov:443
DEBUG:urllib3.connectionpool:https://www.sec.gov:443 "GET /Archives/edgar/cik-lookup-data.txt HTTP/1.1" 200 9140634
DEBUG:root:['2U INC']
DEBUG:root:['2U INC']
DEBUG:root:['30DC INC']
DEBUG:root:['3D PIONEER SYSTEMS INC']
DEBUG:root:['8X8 INC']
DEBUG:root:['A10 NETWORKS INC']
DEBUG:root:['ACI WORLDWIDE INC']
DEBUG:root:['ACTUA CORP']
DEBUG:root:['ADEXA INC']
DEBUG:root:['ADOBE INC']
DEBUG:root:['ADVANCED VOICE RECOGNITION']
DEBUG:root:['ADVANT-E CORP']
DEBUG:root:['ADVANTEGO CORP']
DEBUG:root:['AGILYSYS INC']
DEBUG:root:['ALARM.COM HOLDINGS INC']
DEBUG:root:['ALLDIGITAL HOLDINGS INC']
DEBUG:root:['ALTAIR ENGINEERING INC']
DEBUG:root:['ALTERYX INC']
DEBUG:root:['AMERICAN SECURITY RES CORP']
DEBUG:root:['AMERICAN SOFTWARE  -CL A']
DEBUG:root:['ANAPLAN INC']
DEBUG:root:['ANSYS INC']
DEBUG:root:['APPFOLIO INC']
DEBUG:root:['APPIAN CORP']
DEBUG:root:['APPLIED VISUAL SCIENCES INC']
DEBUG:root:['APT SYSTEMS INC']
DEBUG:root:['ASANA INC']
DEBUG:root:['ASPEN TECHNOLOGY INC']
DEBUG:root:['ASURE SOFTWARE INC']
DEBUG:root:['AUDIOEYE INC']
DEBUG:root:['AUTODESK INC']
DEBUG:root:['AUTOMATIC DATA PROCESSING']
DEBUG:root:['AVALARA INC']
DEBUG:root:['AVAYA HLDGS CORP']
DEBUG:root:['AWARE INC']
DEBUG:root:['BARRACUDA NETWORKS INC']
DEBUG:root:['BENEFITFOCUS INC']
DEBUG:root:['BENTLEY SYSTEMS INC']
DEBUG:root:['BIGCOMMERCE HOLDIN INC']
DEBUG:root:['BILL.COM HOLDINGS INC']
DEBUG:root:['BIO-KEY INTERNATIONAL INC']
DEBUG:root:['BLACK BOX CORP']
DEBUG:root:['BLACKBAUD INC']
DEBUG:root:['BLACKBOXSTOCKS INC']
DEBUG:root:['BLACKLINE INC']
DEBUG:root:['BLAQCLOUDS INC']
DEBUG:root:['BOTTOMLINE TECHNOLOGIES INC']
DEBUG:root:['BOX INC']
DEBUG:root:['BOXLIGHT CORP']
DEBUG:root:['BRAVATEK SOLUTIONS INC']
DEBUG:root:['BRIDGELINE DIGITAL INC']
DEBUG:root:['BRIDGEWAY NATIONAL CORP']
DEBUG:root:['B-SCADA INC']
DEBUG:root:['BSQUARE CORP']
DEBUG:root:['BUSYBOX.COM INC']
DEBUG:root:['CADENCE DESIGN SYSTEMS INC']
DEBUG:root:['CDK GLOBAL INC']
DEBUG:root:['CERENCE INC']
DEBUG:root:['CERIDIAN CORP']
DEBUG:root:['CERIDIAN HCM HOLDING']
DEBUG:root:['CHANGSHENG INTERNATIONAL GRO']
DEBUG:root:['CHANNELADVISOR CORP']
DEBUG:root:['CHINA YANYUN YHU NTL ED GRP']
DEBUG:root:['CICERO INC']
DEBUG:root:['CIMETRIX INC']
DEBUG:root:['CIPHERLOC CORP']
DEBUG:root:['CITRIX SYSTEMS INC']
DEBUG:root:['CLEANSPARK INC']
DEBUG:root:['CLICKSTREAM CORP']
DEBUG:root:['CLONE ALGO TECHNOLOGIES INC']
DEBUG:root:['CLOUDERA INC']
DEBUG:root:['CLOUDFLARE INC']
DEBUG:root:['CLOUDWARD INC']
DEBUG:root:['CODE REBEL CORP']
DEBUG:root:['COM GUARD.COM INC']
DEBUG:root:['COMMVAULT SYSTEMS INC']
DEBUG:root:['CORNERSTONE ONDEMAND INC']
DEBUG:root:['COUPA SOFTWARE INC']
DEBUG:root:['CROWDSTRIKE HOLDINGS INC']
DEBUG:root:['CYBERFORT SOFTWARE INC']
DEBUG:root:['CYREN LTD']
DEBUG:root:['DATADOG INC']
DEBUG:root:['DATTO HOLDING CORP']
DEBUG:root:['DEALERADVANCE INC']
DEBUG:root:['DIGILITI MONEY GROUP INC']
DEBUG:root:['DIGIMARC CORP']
DEBUG:root:['DIGITAL TURBINE INC']
DEBUG:root:['DOCUSIGN INC']
DEBUG:root:['DOMO INC']
DEBUG:root:['DROPBOX INC']
DEBUG:root:['DUCK CREEK TECHNOL INC']
DEBUG:root:['DYNATRACE INC']
DEBUG:root:['E2OPEN INC']
DEBUG:root:['EBIX INC']
DEBUG:root:['ECOARK HOLDINGS INC']
DEBUG:root:['EGAIN CORP']
DEBUG:root:['ELASTIC NETWORKS INC']
DEBUG:root:['ELASTIC NV']
DEBUG:root:['ELCOM INTERNATIONAL INC']
DEBUG:root:['ENTERPRISE INFORMATICS INC']
DEBUG:root:['ENVESTNET INC']
DEBUG:root:['EVERBRIDGE INC']
DEBUG:root:['EVOLVING SYSTEMS INC']
DEBUG:root:['EZENIA INC']
DEBUG:root:['FAIR ISAAC CORP']
DEBUG:root:['FALCONSTOR SOFTWARE INC']
DEBUG:root:['FANTASY ACES DAILY FANTASY']
DEBUG:root:['FASTLY INC']
DEBUG:root:['FIREEYE INC']
DEBUG:root:['FIVE9 INC']
DEBUG:root:['FLEXSHARES IBOXX 3-YR TAR FD']
DEBUG:root:['FLEXSHARES IBOXX 5-YR TAR FD']
DEBUG:root:['FORTINET INC']
DEBUG:root:['FRIENDFINDER NETWORKS INC']
DEBUG:root:['GIVEMEPOWER CORP']
DEBUG:root:['GRANDPARENTS.COM INC']
DEBUG:root:['GREEN POLKADOT BOX INC']
DEBUG:root:['GSE SYSTEMS INC']
DEBUG:root:['GTY TECHNOLOGY HOLDINGS']
DEBUG:root:['GUIDEWIRE SOFTWARE INC']
DEBUG:root:['HOPTO INC']
DEBUG:root:['HRSOFT INC']
DEBUG:root:['HUBSPOT INC']
DEBUG:root:['IBSG INTERNATIONAL INC']
DEBUG:root:['IDEANOMICS INC']
DEBUG:root:['IMAGEWARE SYSTEMS INC']
DEBUG:root:['INFORMATION RESOURCES INC']
DEBUG:root:['INTEGRATED BUSINESS SYS &SVC']
DEBUG:root:['INTELLIGENT SYSTEM CORP']
DEBUG:root:['INTELLINETICS INC']
DEBUG:root:['INTERMAP TECHNOLOGIES CORP']
DEBUG:root:['INTERNATIONAL LEADERS CAP CO']
DEBUG:root:['INTRUSION INC']
DEBUG:root:['INTUIT INC']
DEBUG:root:['INUVO INC']
DEBUG:root:['IRONCLAD ENCRYPTION CORP']
DEBUG:root:['ISHARES IBOXX HIGH YLD CP BD']
DEBUG:root:['ISHARES IBOXX INVST GR CP BD']
DEBUG:root:['ISIGN SOLUTIONS INC']
DEBUG:root:['ISOCIALY INC']
DEBUG:root:['ISSUER DIRECT CORP']
DEBUG:root:['IVEDA SOLUTIONS INC']
DEBUG:root:['J2 GLOBAL INC']
DEBUG:root:['JACK IN THE BOX INC']
DEBUG:root:['JAMF HOLDING CORP']
DEBUG:root:['JDA SOFTWARE GROUP INC']
DEBUG:root:['JFROG LTD']
DEBUG:root:['KIWIBOX COM INC']
DEBUG:root:['KRONOS INC']
DEBUG:root:['LAWSON SOFTWARE INC']
DEBUG:root:['LEVELBLOX INC']
DEBUG:root:['LIQUI-BOX CORP']
DEBUG:root:['LIQUID HOLDINGS GROUP INC']
DEBUG:root:['LIVE MICROSYSTEMS INC']
DEBUG:root:['LIVEPERSON INC']
DEBUG:root:['MAIL BOXES ETC']
DEBUG:root:['MANHATTAN ASSOCIATES INC']
DEBUG:root:['MARIN SOFTWARE INC']
DEBUG:root:['MAX SOUND CORP']
DEBUG:root:['MEDALLIA INC']
DEBUG:root:['MEDALLIANCE INC']
DEBUG:root:['MEDIATECHNICS CORP']
DEBUG:root:['MGT CAPITAL INVESTMENTS INC']
DEBUG:root:['MICROSOFT CORP']
DEBUG:root:['MICROSTRATEGY INC']
DEBUG:root:['MITEK SYSTEMS INC']
DEBUG:root:['MIX TELEMATICS LTD']
DEBUG:root:['MOBILEIRON INC']
DEBUG:root:['MODEL N INC']
DEBUG:root:['MONGODB INC']
DEBUG:root:['MONSTER ARTS']
DEBUG:root:['NCINO INC']
DEBUG:root:['NEOMEDIA TECHNOLOGIES INC']
DEBUG:root:['NETSOL TECHNOLOGIES INC']
DEBUG:root:['NEW RELIC INC']
DEBUG:root:['NORTONLIFELOCK INC']
DEBUG:root:['NOTIFY TECHNOLOGY CORP']
DEBUG:root:['NUANCE COMMUNICATIONS INC']
DEBUG:root:['NUTANIX INC']
DEBUG:root:['OBLONG INC']
DEBUG:root:['OKTA INC']
DEBUG:root:['OMTOOL LTD']
DEBUG:root:['ONESPAN INC']
DEBUG:root:['ORACLE CORP']
DEBUG:root:['PAGERDUTY INC']
DEBUG:root:['PAID INC']
DEBUG:root:['PALANTIR TECHNOLOG INC']
DEBUG:root:['PALO ALTO NETWORKS INC']
DEBUG:root:['PARETEUM CORP']
DEBUG:root:['PARK CITY GROUP INC']
DEBUG:root:['PAYBOX CORP']
DEBUG:root:['PAYCHEX INC']
DEBUG:root:['PAYCOM SOFTWARE INC']
DEBUG:root:['PAYLOCITY HOLDING CORP']
DEBUG:root:['PEGASYSTEMS INC']
DEBUG:root:['PHUNWARE INC']
DEBUG:root:['PING IDENTITY HOLDING CORP']
DEBUG:root:['PLURALSIGHT INC']
DEBUG:root:['PRIMAL SOLUTIONS INC']
DEBUG:root:['PROGRESS SOFTWARE CORP']
DEBUG:root:['PROOFPOINT INC']
DEBUG:root:['PROS HOLDINGS INC']
DEBUG:root:['PTC INC']
DEBUG:root:['PULSE EVOLUTION CORP']
DEBUG:root:['Q2 HOLDINGS INC']
DEBUG:root:['QAD INC']
DEBUG:root:['QUALYS INC']
DEBUG:root:['QUANTGATE SYSTEMS INC']
DEBUG:root:['QUMU CORP']
DEBUG:root:['RAADR INC']
DEBUG:root:['RAND WORLDWIDE INC']
DEBUG:root:['RAPID7 INC']
DEBUG:root:['REALNETWORKS INC']
DEBUG:root:['REALPAGE INC']
DEBUG:root:['RIGHTSCORP INC']
DEBUG:root:['RINGCENTRAL INC']
DEBUG:root:['RIOT BLOCKCHAIN INC']
DEBUG:root:['ROCKETFUEL BLOCKCHAIN INC']
DEBUG:root:['RORINE INTL HOLDING CORP']
DEBUG:root:['ROSETTA STONE INC']
DEBUG:root:['SAILPOINT TECHNO HLDG']
DEBUG:root:['SALESFORCE.COM INC']
DEBUG:root:['SCIENT INC']
DEBUG:root:['SEACHANGE INTERNATIONAL INC']
DEBUG:root:['SECUREWORKS CORP']
DEBUG:root:['SERVICENOW INC']
DEBUG:root:['SHARPSPRING INC']
DEBUG:root:['SHOTSPOTTER INC']
DEBUG:root:['SIMTROL INC']
DEBUG:root:['SITO MOBILE LTD']
DEBUG:root:['SKYBOX INTL INC']
DEBUG:root:['SLACK TECHNOLOGIES INC']
DEBUG:root:['SMARTMETRIC INC']
DEBUG:root:['SMARTSHEET INC']
DEBUG:root:['SMITH MICRO SOFTWARE INC']
DEBUG:root:['SNOWFLAKE INC']
DEBUG:root:['SOFTECH INC']
DEBUG:root:['SOLARWINDS CORP']
DEBUG:root:['SONIC FOUNDRY INC']
DEBUG:root:['SPLUNK INC']
DEBUG:root:['SPROUT SOCIAL INC']
DEBUG:root:['SPS COMMERCE INC']
DEBUG:root:['SS&C TECHNOLOGIES HLDGS INC']
DEBUG:root:['SSI INVESTMENTS II LTD']
DEBUG:root:['SUMO LOGIC INC']
DEBUG:root:['SVMK INC']
DEBUG:root:['SYNACOR INC']
DEBUG:root:['SYNCHRONOSS TECHNOLOGIES']
DEBUG:root:['SYNOPSYS INC']
DEBUG:root:['TAUTACHROME INC']
DEBUG:root:['TELENAV INC']
DEBUG:root:['TENABLE HOLDINGS INC']
DEBUG:root:['TERADATA CORP']
DEBUG:root:['THEGLOBE.COM INC']
DEBUG:root:['TIBCO SOFTWARE INC']
DEBUG:root:['TINTRI INC']
DEBUG:root:['TMM INC']
DEBUG:root:['TRADE DESK INC']
DEBUG:root:['TWILIO INC']
DEBUG:root:['TYLER TECHNOLOGIES INC']
DEBUG:root:['ULTIMATE SOFTWARE GROUP INC']
DEBUG:root:['UNITRONIX CORP']
DEBUG:root:['UNITY SOFTWARE INC']
DEBUG:root:['UPLAND SOFTWARE INC']
DEBUG:root:['VANCORD CAPITAL INC']
DEBUG:root:['VARONIS SYSTEMS INC']
DEBUG:root:['VDO-PH INTERNATIONAL INC']
DEBUG:root:['VEEVA SYSTEMS INC']
DEBUG:root:['VERB TECHNOLOGY CO INC']
DEBUG:root:['VERINT SYSTEMS INC']
DEBUG:root:['VERITONE INC']
DEBUG:root:['VERTEX INC']
DEBUG:root:['VERTICAL COMPUTER SYS INC']
DEBUG:root:['VIRNETX HOLDING CORP']
DEBUG:root:['VIVA ENTERTAINMENT GROUP INC']
DEBUG:root:['VMWARE INC -CL A']
DEBUG:root:['VOYAGER DIGITAL LTD']
DEBUG:root:['VUBOTICS INC']
DEBUG:root:['WOD RETAIL SOLUTIONS']
DEBUG:root:['WORKDAY INC']
DEBUG:root:['WORKIVA INC']
DEBUG:root:['XCELMOBILITY INC']
DEBUG:root:['XPERI HOLDING CORP']
DEBUG:root:['YAPPN CORP']
DEBUG:root:['YEXT INC']
DEBUG:root:['ZENDESK INC']
DEBUG:root:['ZIX CORP']
DEBUG:root:['ZOOM TELEPHONICS INC']
DEBUG:root:['ZOOM VIDEO COMUNICATIONS INC']
DEBUG:root:['ZOOMAWAY TRAVEL INC']
DEBUG:root:['ZOOMINFO TECHNOLOGIES']
DEBUG:root:['ZSCALER INC']
DEBUG:root:['ZUORA INC']
DEBUG:root:2U INC
DEBUG:root:30DC INC
DEBUG:root:3D PIONEER SYSTEMS INC
DEBUG:root:8X8 INC
DEBUG:root:A10 NETWORKS INC
DEBUG:root:ACI WORLDWIDE INC
DEBUG:root:ACTUA CORP
DEBUG:root:ADEXA INC
DEBUG:root:ADOBE INC
DEBUG:root:ADVANCED VOICE RECOGNITION
DEBUG:root:ADVANT-E CORP
DEBUG:root:ADVANTEGO CORP
DEBUG:root:AGILYSYS INC
DEBUG:root:ALARM.COM HOLDINGS INC
DEBUG:root:ALLDIGITAL HOLDINGS INC
DEBUG:root:ALTAIR ENGINEERING INC
DEBUG:root:ALTERYX INC
DEBUG:root:AMERICAN SECURITY RES CORP
DEBUG:root:AMERICAN SOFTWARE  -CL A
DEBUG:root:ANAPLAN INC
DEBUG:root:ANSYS INC
DEBUG:root:APPFOLIO INC
DEBUG:root:APPIAN CORP
DEBUG:root:APPLIED VISUAL SCIENCES INC
DEBUG:root:APT SYSTEMS INC
DEBUG:root:ASANA INC
DEBUG:root:ASPEN TECHNOLOGY INC
DEBUG:root:ASURE SOFTWARE INC
DEBUG:root:AUDIOEYE INC
DEBUG:root:AUTODESK INC
DEBUG:root:AUTOMATIC DATA PROCESSING
DEBUG:root:AVALARA INC
DEBUG:root:AVAYA HLDGS CORP
DEBUG:root:AWARE INC
DEBUG:root:BARRACUDA NETWORKS INC
DEBUG:root:BENEFITFOCUS INC
DEBUG:root:BENTLEY SYSTEMS INC
DEBUG:root:BIGCOMMERCE HOLDIN INC
DEBUG:root:BILL.COM HOLDINGS INC
DEBUG:root:BIO-KEY INTERNATIONAL INC
DEBUG:root:BLACK BOX CORP
DEBUG:root:BLACKBAUD INC
DEBUG:root:BLACKBOXSTOCKS INC
DEBUG:root:BLACKLINE INC
DEBUG:root:BLAQCLOUDS INC
DEBUG:root:BOTTOMLINE TECHNOLOGIES INC
DEBUG:root:BOX INC
DEBUG:root:BOXLIGHT CORP
DEBUG:root:BRAVATEK SOLUTIONS INC
DEBUG:root:BRIDGELINE DIGITAL INC
DEBUG:root:BRIDGEWAY NATIONAL CORP
DEBUG:root:B-SCADA INC
DEBUG:root:BSQUARE CORP
DEBUG:root:BUSYBOX.COM INC
DEBUG:root:CADENCE DESIGN SYSTEMS INC
DEBUG:root:CDK GLOBAL INC
DEBUG:root:CERENCE INC
DEBUG:root:CERIDIAN CORP
DEBUG:root:CERIDIAN HCM HOLDING
DEBUG:root:CHANGSHENG INTERNATIONAL GRO
DEBUG:root:CHANNELADVISOR CORP
DEBUG:root:CHINA YANYUN YHU NTL ED GRP
DEBUG:root:CICERO INC
DEBUG:root:CIMETRIX INC
DEBUG:root:CIPHERLOC CORP
DEBUG:root:CITRIX SYSTEMS INC
DEBUG:root:CLEANSPARK INC
DEBUG:root:CLICKSTREAM CORP
DEBUG:root:CLONE ALGO TECHNOLOGIES INC
DEBUG:root:CLOUDERA INC
DEBUG:root:CLOUDFLARE INC
DEBUG:root:CLOUDWARD INC
DEBUG:root:CODE REBEL CORP
DEBUG:root:COM GUARD.COM INC
DEBUG:root:COMMVAULT SYSTEMS INC
DEBUG:root:CORNERSTONE ONDEMAND INC
DEBUG:root:COUPA SOFTWARE INC
DEBUG:root:CROWDSTRIKE HOLDINGS INC
DEBUG:root:CYBERFORT SOFTWARE INC
DEBUG:root:CYREN LTD
DEBUG:root:DATADOG INC
DEBUG:root:DATTO HOLDING CORP
DEBUG:root:DEALERADVANCE INC
DEBUG:root:DIGILITI MONEY GROUP INC
DEBUG:root:DIGIMARC CORP
DEBUG:root:DIGITAL TURBINE INC
DEBUG:root:DOCUSIGN INC
DEBUG:root:DOMO INC
DEBUG:root:DROPBOX INC
DEBUG:root:DUCK CREEK TECHNOL INC
DEBUG:root:DYNATRACE INC
DEBUG:root:E2OPEN INC
DEBUG:root:EBIX INC
DEBUG:root:ECOARK HOLDINGS INC
DEBUG:root:EGAIN CORP
DEBUG:root:ELASTIC NETWORKS INC
DEBUG:root:ELASTIC NV
DEBUG:root:ELCOM INTERNATIONAL INC
DEBUG:root:ENTERPRISE INFORMATICS INC
DEBUG:root:ENVESTNET INC
DEBUG:root:EVERBRIDGE INC
DEBUG:root:EVOLVING SYSTEMS INC
DEBUG:root:EZENIA INC
DEBUG:root:FAIR ISAAC CORP
DEBUG:root:FALCONSTOR SOFTWARE INC
DEBUG:root:FANTASY ACES DAILY FANTASY
DEBUG:root:FASTLY INC
DEBUG:root:FIREEYE INC
DEBUG:root:FIVE9 INC
DEBUG:root:FLEXSHARES IBOXX 3-YR TAR FD
DEBUG:root:FLEXSHARES IBOXX 5-YR TAR FD
DEBUG:root:FORTINET INC
DEBUG:root:FRIENDFINDER NETWORKS INC
DEBUG:root:GIVEMEPOWER CORP
DEBUG:root:GRANDPARENTS.COM INC
DEBUG:root:GREEN POLKADOT BOX INC
DEBUG:root:GSE SYSTEMS INC
DEBUG:root:GTY TECHNOLOGY HOLDINGS
DEBUG:root:GUIDEWIRE SOFTWARE INC
DEBUG:root:HOPTO INC
DEBUG:root:HRSOFT INC
DEBUG:root:HUBSPOT INC
DEBUG:root:IBSG INTERNATIONAL INC
DEBUG:root:IDEANOMICS INC
DEBUG:root:IMAGEWARE SYSTEMS INC
DEBUG:root:INFORMATION RESOURCES INC
DEBUG:root:INTEGRATED BUSINESS SYS &SVC
DEBUG:root:INTELLIGENT SYSTEM CORP
DEBUG:root:INTELLINETICS INC
DEBUG:root:INTERMAP TECHNOLOGIES CORP
DEBUG:root:INTERNATIONAL LEADERS CAP CO
DEBUG:root:INTRUSION INC
DEBUG:root:INTUIT INC
DEBUG:root:INUVO INC
DEBUG:root:IRONCLAD ENCRYPTION CORP
DEBUG:root:ISHARES IBOXX HIGH YLD CP BD
DEBUG:root:ISHARES IBOXX INVST GR CP BD
DEBUG:root:ISIGN SOLUTIONS INC
DEBUG:root:ISOCIALY INC
DEBUG:root:ISSUER DIRECT CORP
DEBUG:root:IVEDA SOLUTIONS INC
DEBUG:root:J2 GLOBAL INC
DEBUG:root:JACK IN THE BOX INC
DEBUG:root:JAMF HOLDING CORP
DEBUG:root:JDA SOFTWARE GROUP INC
DEBUG:root:JFROG LTD
DEBUG:root:KIWIBOX COM INC
DEBUG:root:KRONOS INC
DEBUG:root:LAWSON SOFTWARE INC
DEBUG:root:LEVELBLOX INC
DEBUG:root:LIQUI-BOX CORP
DEBUG:root:LIQUID HOLDINGS GROUP INC
DEBUG:root:LIVE MICROSYSTEMS INC
DEBUG:root:LIVEPERSON INC
DEBUG:root:MAIL BOXES ETC
DEBUG:root:MANHATTAN ASSOCIATES INC
DEBUG:root:MARIN SOFTWARE INC
DEBUG:root:MAX SOUND CORP
DEBUG:root:MEDALLIA INC
DEBUG:root:MEDALLIANCE INC
DEBUG:root:MEDIATECHNICS CORP
DEBUG:root:MGT CAPITAL INVESTMENTS INC
DEBUG:root:MICROSOFT CORP
DEBUG:root:MICROSTRATEGY INC
DEBUG:root:MITEK SYSTEMS INC
DEBUG:root:MIX TELEMATICS LTD
DEBUG:root:MOBILEIRON INC
DEBUG:root:MODEL N INC
DEBUG:root:MONGODB INC
DEBUG:root:MONSTER ARTS
DEBUG:root:NCINO INC
DEBUG:root:NEOMEDIA TECHNOLOGIES INC
DEBUG:root:NETSOL TECHNOLOGIES INC
DEBUG:root:NEW RELIC INC
DEBUG:root:NORTONLIFELOCK INC
DEBUG:root:NOTIFY TECHNOLOGY CORP
DEBUG:root:NUANCE COMMUNICATIONS INC
DEBUG:root:NUTANIX INC
DEBUG:root:OBLONG INC
DEBUG:root:OKTA INC
DEBUG:root:OMTOOL LTD
DEBUG:root:ONESPAN INC
DEBUG:root:ORACLE CORP
DEBUG:root:PAGERDUTY INC
DEBUG:root:PAID INC
DEBUG:root:PALANTIR TECHNOLOG INC
DEBUG:root:PALO ALTO NETWORKS INC
DEBUG:root:PARETEUM CORP
DEBUG:root:PARK CITY GROUP INC
DEBUG:root:PAYBOX CORP
DEBUG:root:PAYCHEX INC
DEBUG:root:PAYCOM SOFTWARE INC
DEBUG:root:PAYLOCITY HOLDING CORP
DEBUG:root:PEGASYSTEMS INC
DEBUG:root:PHUNWARE INC
DEBUG:root:PING IDENTITY HOLDING CORP
DEBUG:root:PLURALSIGHT INC
DEBUG:root:PRIMAL SOLUTIONS INC
DEBUG:root:PROGRESS SOFTWARE CORP
DEBUG:root:PROOFPOINT INC
DEBUG:root:PROS HOLDINGS INC
DEBUG:root:PTC INC
DEBUG:root:PULSE EVOLUTION CORP
DEBUG:root:Q2 HOLDINGS INC
DEBUG:root:QAD INC
DEBUG:root:QUALYS INC
DEBUG:root:QUANTGATE SYSTEMS INC
DEBUG:root:QUMU CORP
DEBUG:root:RAADR INC
DEBUG:root:RAND WORLDWIDE INC
DEBUG:root:RAPID7 INC
DEBUG:root:REALNETWORKS INC
DEBUG:root:REALPAGE INC
DEBUG:root:RIGHTSCORP INC
DEBUG:root:RINGCENTRAL INC
DEBUG:root:RIOT BLOCKCHAIN INC
DEBUG:root:ROCKETFUEL BLOCKCHAIN INC
DEBUG:root:RORINE INTL HOLDING CORP
DEBUG:root:ROSETTA STONE INC
DEBUG:root:SAILPOINT TECHNO HLDG
DEBUG:root:SALESFORCE.COM INC
DEBUG:root:SCIENT INC
DEBUG:root:SEACHANGE INTERNATIONAL INC
DEBUG:root:SECUREWORKS CORP
DEBUG:root:SERVICENOW INC
DEBUG:root:SHARPSPRING INC
DEBUG:root:SHOTSPOTTER INC
DEBUG:root:SIMTROL INC
DEBUG:root:SITO MOBILE LTD
DEBUG:root:SKYBOX INTL INC
DEBUG:root:SLACK TECHNOLOGIES INC
DEBUG:root:SMARTMETRIC INC
DEBUG:root:SMARTSHEET INC
DEBUG:root:SMITH MICRO SOFTWARE INC
DEBUG:root:SNOWFLAKE INC
DEBUG:root:SOFTECH INC
DEBUG:root:SOLARWINDS CORP
DEBUG:root:SONIC FOUNDRY INC
DEBUG:root:SPLUNK INC
DEBUG:root:SPROUT SOCIAL INC
DEBUG:root:SPS COMMERCE INC
DEBUG:root:SS&C TECHNOLOGIES HLDGS INC
DEBUG:root:SSI INVESTMENTS II LTD
DEBUG:root:SUMO LOGIC INC
DEBUG:root:SVMK INC
DEBUG:root:SYNACOR INC
DEBUG:root:SYNCHRONOSS TECHNOLOGIES
DEBUG:root:SYNOPSYS INC
DEBUG:root:TAUTACHROME INC
DEBUG:root:TELENAV INC
DEBUG:root:TENABLE HOLDINGS INC
DEBUG:root:TERADATA CORP
DEBUG:root:THEGLOBE.COM INC
DEBUG:root:TIBCO SOFTWARE INC
DEBUG:root:TINTRI INC
DEBUG:root:TMM INC
DEBUG:root:TRADE DESK INC
DEBUG:root:TWILIO INC
DEBUG:root:TYLER TECHNOLOGIES INC
DEBUG:root:ULTIMATE SOFTWARE GROUP INC
DEBUG:root:UNITRONIX CORP
DEBUG:root:UNITY SOFTWARE INC
DEBUG:root:UPLAND SOFTWARE INC
DEBUG:root:VANCORD CAPITAL INC
DEBUG:root:VARONIS SYSTEMS INC
DEBUG:root:VDO-PH INTERNATIONAL INC
DEBUG:root:VEEVA SYSTEMS INC
DEBUG:root:VERB TECHNOLOGY CO INC
DEBUG:root:VERINT SYSTEMS INC
DEBUG:root:VERITONE INC
DEBUG:root:VERTEX INC
DEBUG:root:VERTICAL COMPUTER SYS INC
DEBUG:root:VIRNETX HOLDING CORP
DEBUG:root:VIVA ENTERTAINMENT GROUP INC
DEBUG:root:VMWARE INC -CL A
DEBUG:root:VOYAGER DIGITAL LTD
DEBUG:root:VUBOTICS INC
DEBUG:root:WOD RETAIL SOLUTIONS
DEBUG:root:WORKDAY INC
DEBUG:root:WORKIVA INC
DEBUG:root:XCELMOBILITY INC
DEBUG:root:XPERI HOLDING CORP
DEBUG:root:YAPPN CORP
DEBUG:root:YEXT INC
DEBUG:root:ZENDESK INC
DEBUG:root:ZIX CORP
DEBUG:root:ZOOM TELEPHONICS INC
DEBUG:root:ZOOM VIDEO COMUNICATIONS INC
DEBUG:root:ZOOMAWAY TRAVEL INC
DEBUG:root:ZOOMINFO TECHNOLOGIES
DEBUG:root:ZSCALER INC
DEBUG:root:ZUORA INC
DEBUG:urllib3.connectionpool:Starting new HTTPS connection (1): www.sec.gov:443
DEBUG:urllib3.connectionpool:https://www.sec.gov:443 "GET /Archives/edgar/cik-lookup-data.txt HTTP/1.1" 200 9140634
DEBUG:root:2U INC
DEBUG:root:30DC INC
DEBUG:root:3D PIONEER SYSTEMS INC
DEBUG:root:8X8 INC
DEBUG:root:A10 NETWORKS INC
DEBUG:root:ACI WORLDWIDE INC
DEBUG:root:ACTUA CORP
DEBUG:root:ADEXA INC
DEBUG:root:ADOBE INC
DEBUG:root:ADVANCED VOICE RECOGNITION
DEBUG:root:ADVANT-E CORP
DEBUG:root:ADVANTEGO CORP
DEBUG:root:AGILYSYS INC
DEBUG:root:ALARM.COM HOLDINGS INC
DEBUG:root:ALLDIGITAL HOLDINGS INC
DEBUG:root:ALTAIR ENGINEERING INC
DEBUG:urllib3.connectionpool:Starting new HTTPS connection (1): www.sec.gov:443
DEBUG:urllib3.connectionpool:https://www.sec.gov:443 "GET /Archives/edgar/cik-lookup-data.txt HTTP/1.1" 200 9140634
DEBUG:root:2U INC
DEBUG:root:30DC INC
DEBUG:root:3D PIONEER SYSTEMS INC
DEBUG:root:8X8 INC
DEBUG:root:A10 NETWORKS INC
DEBUG:root:ACI WORLDWIDE INC
DEBUG:root:ACTUA CORP
DEBUG:root:ADEXA INC
DEBUG:root:ADOBE INC
DEBUG:root:ADVANCED VOICE RECOGNITION
DEBUG:urllib3.connectionpool:Starting new HTTPS connection (1): www.sec.gov:443
DEBUG:urllib3.connectionpool:https://www.sec.gov:443 "GET /Archives/edgar/cik-lookup-data.txt HTTP/1.1" 200 9140634
DEBUG:root:2U INC
DEBUG:urllib3.connectionpool:Starting new HTTPS connection (1): www.sec.gov:443
DEBUG:urllib3.connectionpool:https://www.sec.gov:443 "GET /Archives/edgar/cik-lookup-data.txt HTTP/1.1" 200 9140634
DEBUG:root:2U INC
DEBUG:urllib3.connectionpool:Starting new HTTPS connection (1): www.sec.gov:443
DEBUG:urllib3.connectionpool:https://www.sec.gov:443 "GET /Archives/edgar/cik-lookup-data.txt HTTP/1.1" 200 9140634
DEBUG:root:2U INC
DEBUG:root:None
DEBUG:urllib3.connectionpool:Starting new HTTPS connection (1): www.sec.gov:443
DEBUG:urllib3.connectionpool:https://www.sec.gov:443 "GET /Archives/edgar/cik-lookup-data.txt HTTP/1.1" 200 9140634
DEBUG:root:2U INC
DEBUG:root:None
DEBUG:urllib3.connectionpool:Starting new HTTPS connection (1): www.sec.gov:443
DEBUG:urllib3.connectionpool:https://www.sec.gov:443 "GET /Archives/edgar/cik-lookup-data.txt HTTP/1.1" 200 9140634
DEBUG:root:2U INC
DEBUG:root:None
DEBUG:urllib3.connectionpool:Starting new HTTPS connection (1): www.sec.gov:443
DEBUG:urllib3.connectionpool:https://www.sec.gov:443 "GET /Archives/edgar/cik-lookup-data.txt HTTP/1.1" 200 9140634
DEBUG:root:2U INC
DEBUG:root:30DC INC
DEBUG:root:3D PIONEER SYSTEMS INC
DEBUG:root:8X8 INC
DEBUG:root:A10 NETWORKS INC
DEBUG:root:ACI WORLDWIDE INC
DEBUG:root:ACTUA CORP
DEBUG:root:ADEXA INC
DEBUG:root:ADOBE INC
DEBUG:root:ADVANCED VOICE RECOGNITION
DEBUG:urllib3.connectionpool:Starting new HTTPS connection (1): www.sec.gov:443
DEBUG:urllib3.connectionpool:https://www.sec.gov:443 "GET /Archives/edgar/cik-lookup-data.txt HTTP/1.1" 200 9140634
DEBUG:root:2U INC
DEBUG:root:30DC INC
DEBUG:root:3D PIONEER SYSTEMS INC
DEBUG:root:8X8 INC
DEBUG:root:A10 NETWORKS INC
DEBUG:root:ACI WORLDWIDE INC
DEBUG:root:ACTUA CORP
DEBUG:root:ADEXA INC
DEBUG:root:ADOBE INC
DEBUG:root:ADVANCED VOICE RECOGNITION
DEBUG:urllib3.connectionpool:Starting new HTTPS connection (1): www.sec.gov:443
DEBUG:urllib3.connectionpool:https://www.sec.gov:443 "GET /Archives/edgar/cik-lookup-data.txt HTTP/1.1" 200 9140634
DEBUG:root:2U INC
DEBUG:root:30DC INC
DEBUG:root:3D PIONEER SYSTEMS INC
DEBUG:root:8X8 INC
DEBUG:root:A10 NETWORKS INC
DEBUG:root:ACI WORLDWIDE INC
DEBUG:root:ACTUA CORP
DEBUG:root:ADEXA INC
DEBUG:root:ADOBE INC
DEBUG:root:ADVANCED VOICE RECOGNITION
DEBUG:urllib3.connectionpool:Starting new HTTPS connection (1): www.sec.gov:443
DEBUG:urllib3.connectionpool:https://www.sec.gov:443 "GET /Archives/edgar/cik-lookup-data.txt HTTP/1.1" 200 9140634
DEBUG:urllib3.connectionpool:Starting new HTTPS connection (1): www.sec.gov:443
DEBUG:urllib3.connectionpool:https://www.sec.gov:443 "GET /Archives/edgar/cik-lookup-data.txt HTTP/1.1" 200 9140634
DEBUG:root:2U INC
DEBUG:root:30DC INC
DEBUG:urllib3.connectionpool:Starting new HTTPS connection (1): www.sec.gov:443
DEBUG:urllib3.connectionpool:https://www.sec.gov:443 "GET /Archives/edgar/cik-lookup-data.txt HTTP/1.1" 200 9140634
DEBUG:root:2U INC
DEBUG:urllib3.connectionpool:Starting new HTTPS connection (1): www.sec.gov:443
DEBUG:urllib3.connectionpool:https://www.sec.gov:443 "GET /Archives/edgar/cik-lookup-data.txt HTTP/1.1" 200 9140634
DEBUG:root:2U INC
DEBUG:root:30DC INC
DEBUG:urllib3.connectionpool:Starting new HTTPS connection (1): www.sec.gov:443
DEBUG:urllib3.connectionpool:https://www.sec.gov:443 "GET /Archives/edgar/cik-lookup-data.txt HTTP/1.1" 200 9140634
DEBUG:root:2U INC
DEBUG:root:30DC INC
DEBUG:root:3D PIONEER SYSTEMS INC
DEBUG:root:8X8 INC
DEBUG:root:A10 NETWORKS INC
DEBUG:root:ACI WORLDWIDE INC
DEBUG:root:ACTUA CORP
DEBUG:root:ADEXA INC
DEBUG:root:ADOBE INC
DEBUG:root:ADVANCED VOICE RECOGNITION
DEBUG:root:ADVANT-E CORP
DEBUG:root:ADVANTEGO CORP
DEBUG:root:AGILYSYS INC
DEBUG:root:ALARM.COM HOLDINGS INC
DEBUG:root:ALLDIGITAL HOLDINGS INC
DEBUG:root:ALTAIR ENGINEERING INC
DEBUG:root:ALTERYX INC
DEBUG:root:AMERICAN SECURITY RES CORP
DEBUG:root:AMERICAN SOFTWARE  -CL A
DEBUG:urllib3.connectionpool:Starting new HTTPS connection (1): www.sec.gov:443
DEBUG:urllib3.connectionpool:https://www.sec.gov:443 "GET /Archives/edgar/cik-lookup-data.txt HTTP/1.1" 200 9140634
INFO:root:Starting to process the list of companies
DEBUG:root:2U INC
DEBUG:root:30DC INC
DEBUG:root:3D PIONEER SYSTEMS INC
DEBUG:root:8X8 INC
DEBUG:root:A10 NETWORKS INC
DEBUG:root:ACI WORLDWIDE INC
DEBUG:root:ACTUA CORP
DEBUG:root:ADEXA INC
DEBUG:root:ADOBE INC
DEBUG:root:ADVANCED VOICE RECOGNITION
DEBUG:root:ADVANT-E CORP
DEBUG:root:ADVANTEGO CORP
DEBUG:root:AGILYSYS INC
DEBUG:root:ALARM.COM HOLDINGS INC
DEBUG:root:ALLDIGITAL HOLDINGS INC
DEBUG:root:ALTAIR ENGINEERING INC
DEBUG:root:ALTERYX INC
DEBUG:root:AMERICAN SECURITY RES CORP
DEBUG:root:AMERICAN SOFTWARE  -CL A
ERROR:root:list index out of range
DEBUG:root:ANAPLAN INC
DEBUG:root:ANSYS INC
DEBUG:root:APPFOLIO INC
DEBUG:root:APPIAN CORP
DEBUG:root:APPLIED VISUAL SCIENCES INC
DEBUG:root:APT SYSTEMS INC
DEBUG:root:ASANA INC
DEBUG:root:ASPEN TECHNOLOGY INC
DEBUG:root:ASURE SOFTWARE INC
DEBUG:root:AUDIOEYE INC
DEBUG:root:AUTODESK INC
DEBUG:root:AUTOMATIC DATA PROCESSING
DEBUG:root:AVALARA INC
DEBUG:root:AVAYA HLDGS CORP
ERROR:root:list index out of range
DEBUG:root:AWARE INC
DEBUG:root:BARRACUDA NETWORKS INC
DEBUG:root:BENEFITFOCUS INC
DEBUG:root:BENTLEY SYSTEMS INC
DEBUG:root:BIGCOMMERCE HOLDIN INC
DEBUG:root:BILL.COM HOLDINGS INC
DEBUG:root:BIO-KEY INTERNATIONAL INC
ERROR:root:list index out of range
DEBUG:root:BLACK BOX CORP
DEBUG:root:BLACKBAUD INC
DEBUG:root:BLACKBOXSTOCKS INC
DEBUG:root:BLACKLINE INC
DEBUG:root:BLAQCLOUDS INC
ERROR:root:list index out of range
DEBUG:root:BOTTOMLINE TECHNOLOGIES INC
DEBUG:root:BOX INC
DEBUG:root:BOXLIGHT CORP
DEBUG:root:BRAVATEK SOLUTIONS INC
DEBUG:root:BRIDGELINE DIGITAL INC
DEBUG:root:BRIDGEWAY NATIONAL CORP
DEBUG:root:B-SCADA INC
DEBUG:root:BSQUARE CORP
DEBUG:root:BUSYBOX.COM INC
ERROR:root:list index out of range
DEBUG:root:CADENCE DESIGN SYSTEMS INC
DEBUG:root:CDK GLOBAL INC
DEBUG:root:CERENCE INC
DEBUG:root:CERIDIAN CORP
DEBUG:root:CERIDIAN HCM HOLDING
DEBUG:root:CHANGSHENG INTERNATIONAL GRO
DEBUG:root:CHANNELADVISOR CORP
DEBUG:root:CHINA YANYUN YHU NTL ED GRP
ERROR:root:list index out of range
DEBUG:root:CICERO INC
DEBUG:root:CIMETRIX INC
DEBUG:root:CIPHERLOC CORP
DEBUG:root:CITRIX SYSTEMS INC
DEBUG:root:CLEANSPARK INC
DEBUG:root:CLICKSTREAM CORP
DEBUG:root:CLONE ALGO TECHNOLOGIES INC
DEBUG:root:CLOUDERA INC
DEBUG:root:CLOUDFLARE INC
DEBUG:root:CLOUDWARD INC
ERROR:root:list index out of range
DEBUG:root:CODE REBEL CORP
DEBUG:root:COM GUARD.COM INC
ERROR:root:list index out of range
DEBUG:root:COMMVAULT SYSTEMS INC
DEBUG:root:CORNERSTONE ONDEMAND INC
DEBUG:root:COUPA SOFTWARE INC
DEBUG:root:CROWDSTRIKE HOLDINGS INC
DEBUG:root:CYBERFORT SOFTWARE INC
DEBUG:root:CYREN LTD
DEBUG:root:DATADOG INC
DEBUG:root:DATTO HOLDING CORP
DEBUG:root:DEALERADVANCE INC
DEBUG:root:DIGILITI MONEY GROUP INC
DEBUG:root:DIGIMARC CORP
DEBUG:root:DIGITAL TURBINE INC
DEBUG:root:DOCUSIGN INC
DEBUG:root:DOMO INC
DEBUG:root:DROPBOX INC
DEBUG:root:DUCK CREEK TECHNOL INC
DEBUG:root:DYNATRACE INC
DEBUG:root:E2OPEN INC
DEBUG:root:EBIX INC
DEBUG:root:ECOARK HOLDINGS INC
DEBUG:root:EGAIN CORP
DEBUG:root:ELASTIC NETWORKS INC
DEBUG:root:ELASTIC NV
ERROR:root:list index out of range
DEBUG:root:ELCOM INTERNATIONAL INC
DEBUG:root:ENTERPRISE INFORMATICS INC
DEBUG:root:ENVESTNET INC
DEBUG:root:EVERBRIDGE INC
DEBUG:root:EVOLVING SYSTEMS INC
DEBUG:root:EZENIA INC
DEBUG:root:FAIR ISAAC CORP
DEBUG:root:FALCONSTOR SOFTWARE INC
DEBUG:root:FANTASY ACES DAILY FANTASY
DEBUG:root:FASTLY INC
DEBUG:root:FIREEYE INC
DEBUG:root:FIVE9 INC
DEBUG:root:FLEXSHARES IBOXX 3-YR TAR FD
ERROR:root:list index out of range
DEBUG:root:FLEXSHARES IBOXX 5-YR TAR FD
ERROR:root:list index out of range
DEBUG:root:FORTINET INC
DEBUG:root:FRIENDFINDER NETWORKS INC
DEBUG:root:GIVEMEPOWER CORP
DEBUG:root:GRANDPARENTS.COM INC
DEBUG:root:GREEN POLKADOT BOX INC
DEBUG:root:GSE SYSTEMS INC
DEBUG:root:GTY TECHNOLOGY HOLDINGS
DEBUG:root:GUIDEWIRE SOFTWARE INC
DEBUG:root:HOPTO INC
DEBUG:root:HRSOFT INC
ERROR:root:list index out of range
DEBUG:root:HUBSPOT INC
DEBUG:root:IBSG INTERNATIONAL INC
DEBUG:root:IDEANOMICS INC
DEBUG:root:IMAGEWARE SYSTEMS INC
DEBUG:root:INFORMATION RESOURCES INC
DEBUG:root:INTEGRATED BUSINESS SYS &SVC
ERROR:root:list index out of range
DEBUG:root:INTELLIGENT SYSTEM CORP
DEBUG:root:INTELLINETICS INC
DEBUG:root:INTERMAP TECHNOLOGIES CORP
DEBUG:root:INTERNATIONAL LEADERS CAP CO
DEBUG:root:INTRUSION INC
DEBUG:root:INTUIT INC
DEBUG:root:INUVO INC
DEBUG:root:IRONCLAD ENCRYPTION CORP
DEBUG:root:ISHARES IBOXX HIGH YLD CP BD
ERROR:root:list index out of range
DEBUG:root:ISHARES IBOXX INVST GR CP BD
ERROR:root:list index out of range
DEBUG:root:ISIGN SOLUTIONS INC
DEBUG:root:ISOCIALY INC
DEBUG:root:ISSUER DIRECT CORP
DEBUG:root:IVEDA SOLUTIONS INC
DEBUG:root:J2 GLOBAL INC
DEBUG:root:JACK IN THE BOX INC
DEBUG:root:JAMF HOLDING CORP
DEBUG:root:JDA SOFTWARE GROUP INC
DEBUG:root:JFROG LTD
DEBUG:root:KIWIBOX COM INC
DEBUG:root:KRONOS INC
DEBUG:root:LAWSON SOFTWARE INC
DEBUG:root:LEVELBLOX INC
DEBUG:root:LIQUI-BOX CORP
ERROR:root:list index out of range
DEBUG:root:LIQUID HOLDINGS GROUP INC
DEBUG:root:LIVE MICROSYSTEMS INC
ERROR:root:list index out of range
DEBUG:root:LIVEPERSON INC
DEBUG:root:MAIL BOXES ETC
DEBUG:root:MANHATTAN ASSOCIATES INC
DEBUG:root:MARIN SOFTWARE INC
DEBUG:root:MAX SOUND CORP
DEBUG:root:MEDALLIA INC
DEBUG:root:MEDALLIANCE INC
ERROR:root:list index out of range
DEBUG:root:MEDIATECHNICS CORP
ERROR:root:list index out of range
DEBUG:root:MGT CAPITAL INVESTMENTS INC
DEBUG:root:MICROSOFT CORP
DEBUG:root:MICROSTRATEGY INC
DEBUG:root:MITEK SYSTEMS INC
DEBUG:root:MIX TELEMATICS LTD
DEBUG:root:MOBILEIRON INC
DEBUG:root:MODEL N INC
DEBUG:root:MONGODB INC
DEBUG:root:MONSTER ARTS
DEBUG:root:NCINO INC
DEBUG:root:NEOMEDIA TECHNOLOGIES INC
DEBUG:root:NETSOL TECHNOLOGIES INC
DEBUG:root:NEW RELIC INC
DEBUG:root:NORTONLIFELOCK INC
DEBUG:root:NOTIFY TECHNOLOGY CORP
DEBUG:root:NUANCE COMMUNICATIONS INC
DEBUG:root:NUTANIX INC
DEBUG:root:OBLONG INC
DEBUG:root:OKTA INC
DEBUG:root:OMTOOL LTD
DEBUG:root:ONESPAN INC
DEBUG:root:ORACLE CORP
DEBUG:root:PAGERDUTY INC
DEBUG:root:PAID INC
DEBUG:root:PALANTIR TECHNOLOG INC
DEBUG:root:PALO ALTO NETWORKS INC
DEBUG:root:PARETEUM CORP
DEBUG:root:PARK CITY GROUP INC
DEBUG:root:PAYBOX CORP
DEBUG:root:PAYCHEX INC
DEBUG:root:PAYCOM SOFTWARE INC
DEBUG:root:PAYLOCITY HOLDING CORP
DEBUG:root:PEGASYSTEMS INC
DEBUG:root:PHUNWARE INC
DEBUG:root:PING IDENTITY HOLDING CORP
DEBUG:root:PLURALSIGHT INC
DEBUG:root:PRIMAL SOLUTIONS INC
DEBUG:root:PROGRESS SOFTWARE CORP
DEBUG:root:PROOFPOINT INC
DEBUG:root:PROS HOLDINGS INC
DEBUG:root:PTC INC
DEBUG:root:PULSE EVOLUTION CORP
DEBUG:root:Q2 HOLDINGS INC
DEBUG:root:QAD INC
DEBUG:root:QUALYS INC
DEBUG:root:QUANTGATE SYSTEMS INC
ERROR:root:list index out of range
DEBUG:root:QUMU CORP
DEBUG:root:RAADR INC
DEBUG:root:RAND WORLDWIDE INC
DEBUG:root:RAPID7 INC
DEBUG:root:REALNETWORKS INC
DEBUG:root:REALPAGE INC
DEBUG:root:RIGHTSCORP INC
DEBUG:root:RINGCENTRAL INC
DEBUG:root:RIOT BLOCKCHAIN INC
DEBUG:root:ROCKETFUEL BLOCKCHAIN INC
DEBUG:root:RORINE INTL HOLDING CORP
ERROR:root:list index out of range
DEBUG:root:ROSETTA STONE INC
DEBUG:root:SAILPOINT TECHNO HLDG
ERROR:root:list index out of range
DEBUG:root:SALESFORCE.COM INC
DEBUG:root:SCIENT INC
DEBUG:root:SEACHANGE INTERNATIONAL INC
DEBUG:root:SECUREWORKS CORP
DEBUG:root:SERVICENOW INC
DEBUG:root:SHARPSPRING INC
DEBUG:root:SHOTSPOTTER INC
DEBUG:root:SIMTROL INC
DEBUG:root:SITO MOBILE LTD
DEBUG:root:SKYBOX INTL INC
ERROR:root:list index out of range
DEBUG:root:SLACK TECHNOLOGIES INC
DEBUG:root:SMARTMETRIC INC
DEBUG:root:SMARTSHEET INC
DEBUG:root:SMITH MICRO SOFTWARE INC
DEBUG:root:SNOWFLAKE INC
DEBUG:root:SOFTECH INC
DEBUG:root:SOLARWINDS CORP
DEBUG:root:SONIC FOUNDRY INC
DEBUG:root:SPLUNK INC
DEBUG:root:SPROUT SOCIAL INC
DEBUG:root:SPS COMMERCE INC
DEBUG:root:SS&C TECHNOLOGIES HLDGS INC
ERROR:root:list index out of range
DEBUG:root:SSI INVESTMENTS II LTD
DEBUG:root:SUMO LOGIC INC
DEBUG:root:SVMK INC
DEBUG:root:SYNACOR INC
DEBUG:root:SYNCHRONOSS TECHNOLOGIES
DEBUG:root:SYNOPSYS INC
DEBUG:root:TAUTACHROME INC
DEBUG:root:TELENAV INC
DEBUG:root:TENABLE HOLDINGS INC
DEBUG:root:TERADATA CORP
DEBUG:root:THEGLOBE.COM INC
ERROR:root:list index out of range
DEBUG:root:TIBCO SOFTWARE INC
DEBUG:root:TINTRI INC
DEBUG:root:TMM INC
DEBUG:root:TRADE DESK INC
DEBUG:root:TWILIO INC
DEBUG:root:TYLER TECHNOLOGIES INC
DEBUG:root:ULTIMATE SOFTWARE GROUP INC
DEBUG:root:UNITRONIX CORP
DEBUG:root:UNITY SOFTWARE INC
DEBUG:root:UPLAND SOFTWARE INC
DEBUG:root:VANCORD CAPITAL INC
ERROR:root:list index out of range
DEBUG:root:VARONIS SYSTEMS INC
DEBUG:root:VDO-PH INTERNATIONAL INC
ERROR:root:list index out of range
DEBUG:root:VEEVA SYSTEMS INC
DEBUG:root:VERB TECHNOLOGY CO INC
DEBUG:root:VERINT SYSTEMS INC
DEBUG:root:VERITONE INC
DEBUG:root:VERTEX INC
DEBUG:root:VERTICAL COMPUTER SYS INC
DEBUG:root:VIRNETX HOLDING CORP
DEBUG:root:VIVA ENTERTAINMENT GROUP INC
DEBUG:root:VMWARE INC -CL A
ERROR:root:list index out of range
DEBUG:root:VOYAGER DIGITAL LTD
DEBUG:root:VUBOTICS INC
DEBUG:root:WOD RETAIL SOLUTIONS
DEBUG:root:WORKDAY INC
DEBUG:root:WORKIVA INC
DEBUG:root:XCELMOBILITY INC
DEBUG:root:XPERI HOLDING CORP
DEBUG:root:YAPPN CORP
DEBUG:root:YEXT INC
DEBUG:root:ZENDESK INC
DEBUG:root:ZIX CORP
DEBUG:root:ZOOM TELEPHONICS INC
DEBUG:root:ZOOM VIDEO COMUNICATIONS INC
ERROR:root:list index out of range
DEBUG:root:ZOOMAWAY TRAVEL INC
DEBUG:root:ZOOMINFO TECHNOLOGIES
DEBUG:root:ZSCALER INC
DEBUG:root:ZUORA INC
DEBUG:urllib3.connectionpool:Starting new HTTPS connection (1): www.sec.gov:443
DEBUG:urllib3.connectionpool:https://www.sec.gov:443 "GET /Archives/edgar/cik-lookup-data.txt HTTP/1.1" 200 9140634
INFO:root:Starting to process the list of companies
DEBUG:root:2U INC
DEBUG:root:30DC INC
DEBUG:root:3D PIONEER SYSTEMS INC
DEBUG:root:8X8 INC
DEBUG:root:A10 NETWORKS INC
DEBUG:root:ACI WORLDWIDE INC
DEBUG:root:ACTUA CORP
DEBUG:root:ADEXA INC
DEBUG:root:ADOBE INC
DEBUG:root:ADVANCED VOICE RECOGNITION
DEBUG:root:ADVANT-E CORP
DEBUG:root:ADVANTEGO CORP
DEBUG:root:AGILYSYS INC
DEBUG:root:ALARM.COM HOLDINGS INC
DEBUG:root:ALLDIGITAL HOLDINGS INC
DEBUG:root:ALTAIR ENGINEERING INC
DEBUG:root:ALTERYX INC
DEBUG:root:AMERICAN SECURITY RES CORP
DEBUG:root:AMERICAN SOFTWARE  -CL A
ERROR:root:list index out of range
DEBUG:root:ANAPLAN INC
DEBUG:root:ANSYS INC
DEBUG:root:APPFOLIO INC
DEBUG:root:APPIAN CORP
DEBUG:root:APPLIED VISUAL SCIENCES INC
DEBUG:root:APT SYSTEMS INC
DEBUG:root:ASANA INC
DEBUG:root:ASPEN TECHNOLOGY INC
DEBUG:root:ASURE SOFTWARE INC
DEBUG:root:AUDIOEYE INC
DEBUG:root:AUTODESK INC
DEBUG:root:AUTOMATIC DATA PROCESSING
DEBUG:root:AVALARA INC
DEBUG:root:AVAYA HLDGS CORP
ERROR:root:list index out of range
DEBUG:root:AWARE INC
DEBUG:root:BARRACUDA NETWORKS INC
DEBUG:root:BENEFITFOCUS INC
DEBUG:root:BENTLEY SYSTEMS INC
DEBUG:root:BIGCOMMERCE HOLDIN INC
DEBUG:root:BILL.COM HOLDINGS INC
DEBUG:root:BIO-KEY INTERNATIONAL INC
ERROR:root:list index out of range
DEBUG:root:BLACK BOX CORP
DEBUG:root:BLACKBAUD INC
DEBUG:root:BLACKBOXSTOCKS INC
DEBUG:root:BLACKLINE INC
DEBUG:root:BLAQCLOUDS INC
ERROR:root:list index out of range
DEBUG:root:BOTTOMLINE TECHNOLOGIES INC
DEBUG:root:BOX INC
DEBUG:root:BOXLIGHT CORP
DEBUG:root:BRAVATEK SOLUTIONS INC
DEBUG:root:BRIDGELINE DIGITAL INC
DEBUG:root:BRIDGEWAY NATIONAL CORP
DEBUG:root:B-SCADA INC
DEBUG:root:BSQUARE CORP
DEBUG:root:BUSYBOX.COM INC
ERROR:root:list index out of range
DEBUG:root:CADENCE DESIGN SYSTEMS INC
DEBUG:root:CDK GLOBAL INC
DEBUG:root:CERENCE INC
DEBUG:root:CERIDIAN CORP
DEBUG:root:CERIDIAN HCM HOLDING
DEBUG:root:CHANGSHENG INTERNATIONAL GRO
DEBUG:root:CHANNELADVISOR CORP
DEBUG:root:CHINA YANYUN YHU NTL ED GRP
ERROR:root:list index out of range
DEBUG:root:CICERO INC
DEBUG:root:CIMETRIX INC
DEBUG:root:CIPHERLOC CORP
DEBUG:root:CITRIX SYSTEMS INC
DEBUG:root:CLEANSPARK INC
DEBUG:root:CLICKSTREAM CORP
DEBUG:root:CLONE ALGO TECHNOLOGIES INC
DEBUG:root:CLOUDERA INC
DEBUG:root:CLOUDFLARE INC
DEBUG:root:CLOUDWARD INC
ERROR:root:list index out of range
DEBUG:root:CODE REBEL CORP
DEBUG:root:COM GUARD.COM INC
ERROR:root:list index out of range
DEBUG:root:COMMVAULT SYSTEMS INC
DEBUG:root:CORNERSTONE ONDEMAND INC
DEBUG:root:COUPA SOFTWARE INC
DEBUG:root:CROWDSTRIKE HOLDINGS INC
DEBUG:root:CYBERFORT SOFTWARE INC
DEBUG:root:CYREN LTD
DEBUG:root:DATADOG INC
DEBUG:root:DATTO HOLDING CORP
DEBUG:root:DEALERADVANCE INC
DEBUG:root:DIGILITI MONEY GROUP INC
DEBUG:root:DIGIMARC CORP
DEBUG:root:DIGITAL TURBINE INC
DEBUG:root:DOCUSIGN INC
DEBUG:root:DOMO INC
DEBUG:root:DROPBOX INC
DEBUG:root:DUCK CREEK TECHNOL INC
DEBUG:root:DYNATRACE INC
DEBUG:root:E2OPEN INC
DEBUG:root:EBIX INC
DEBUG:root:ECOARK HOLDINGS INC
DEBUG:root:EGAIN CORP
DEBUG:root:ELASTIC NETWORKS INC
DEBUG:root:ELASTIC NV
ERROR:root:list index out of range
DEBUG:root:ELCOM INTERNATIONAL INC
DEBUG:root:ENTERPRISE INFORMATICS INC
DEBUG:root:ENVESTNET INC
DEBUG:root:EVERBRIDGE INC
DEBUG:root:EVOLVING SYSTEMS INC
DEBUG:root:EZENIA INC
DEBUG:root:FAIR ISAAC CORP
DEBUG:root:FALCONSTOR SOFTWARE INC
DEBUG:root:FANTASY ACES DAILY FANTASY
DEBUG:root:FASTLY INC
DEBUG:root:FIREEYE INC
DEBUG:root:FIVE9 INC
DEBUG:root:FLEXSHARES IBOXX 3-YR TAR FD
ERROR:root:list index out of range
DEBUG:root:FLEXSHARES IBOXX 5-YR TAR FD
ERROR:root:list index out of range
DEBUG:root:FORTINET INC
DEBUG:root:FRIENDFINDER NETWORKS INC
DEBUG:root:GIVEMEPOWER CORP
DEBUG:root:GRANDPARENTS.COM INC
DEBUG:root:GREEN POLKADOT BOX INC
DEBUG:root:GSE SYSTEMS INC
DEBUG:root:GTY TECHNOLOGY HOLDINGS
DEBUG:root:GUIDEWIRE SOFTWARE INC
DEBUG:root:HOPTO INC
DEBUG:root:HRSOFT INC
ERROR:root:list index out of range
DEBUG:root:HUBSPOT INC
DEBUG:root:IBSG INTERNATIONAL INC
DEBUG:root:IDEANOMICS INC
DEBUG:root:IMAGEWARE SYSTEMS INC
DEBUG:root:INFORMATION RESOURCES INC
DEBUG:root:INTEGRATED BUSINESS SYS &SVC
ERROR:root:list index out of range
DEBUG:root:INTELLIGENT SYSTEM CORP
DEBUG:root:INTELLINETICS INC
DEBUG:root:INTERMAP TECHNOLOGIES CORP
DEBUG:root:INTERNATIONAL LEADERS CAP CO
DEBUG:root:INTRUSION INC
DEBUG:root:INTUIT INC
DEBUG:root:INUVO INC
DEBUG:root:IRONCLAD ENCRYPTION CORP
DEBUG:root:ISHARES IBOXX HIGH YLD CP BD
ERROR:root:list index out of range
DEBUG:root:ISHARES IBOXX INVST GR CP BD
ERROR:root:list index out of range
DEBUG:root:ISIGN SOLUTIONS INC
DEBUG:root:ISOCIALY INC
DEBUG:root:ISSUER DIRECT CORP
DEBUG:root:IVEDA SOLUTIONS INC
DEBUG:root:J2 GLOBAL INC
DEBUG:root:JACK IN THE BOX INC
DEBUG:root:JAMF HOLDING CORP
DEBUG:root:JDA SOFTWARE GROUP INC
DEBUG:root:JFROG LTD
DEBUG:root:KIWIBOX COM INC
DEBUG:root:KRONOS INC
DEBUG:root:LAWSON SOFTWARE INC
DEBUG:root:LEVELBLOX INC
DEBUG:root:LIQUI-BOX CORP
ERROR:root:list index out of range
DEBUG:root:LIQUID HOLDINGS GROUP INC
DEBUG:root:LIVE MICROSYSTEMS INC
ERROR:root:list index out of range
DEBUG:root:LIVEPERSON INC
DEBUG:root:MAIL BOXES ETC
DEBUG:root:MANHATTAN ASSOCIATES INC
DEBUG:root:MARIN SOFTWARE INC
DEBUG:root:MAX SOUND CORP
DEBUG:root:MEDALLIA INC
DEBUG:root:MEDALLIANCE INC
ERROR:root:list index out of range
DEBUG:root:MEDIATECHNICS CORP
ERROR:root:list index out of range
DEBUG:root:MGT CAPITAL INVESTMENTS INC
DEBUG:root:MICROSOFT CORP
DEBUG:root:MICROSTRATEGY INC
DEBUG:root:MITEK SYSTEMS INC
DEBUG:root:MIX TELEMATICS LTD
DEBUG:root:MOBILEIRON INC
DEBUG:root:MODEL N INC
DEBUG:root:MONGODB INC
DEBUG:root:MONSTER ARTS
DEBUG:root:NCINO INC
DEBUG:root:NEOMEDIA TECHNOLOGIES INC
DEBUG:root:NETSOL TECHNOLOGIES INC
DEBUG:root:NEW RELIC INC
DEBUG:root:NORTONLIFELOCK INC
DEBUG:root:NOTIFY TECHNOLOGY CORP
DEBUG:root:NUANCE COMMUNICATIONS INC
DEBUG:root:NUTANIX INC
DEBUG:root:OBLONG INC
DEBUG:root:OKTA INC
DEBUG:root:OMTOOL LTD
DEBUG:root:ONESPAN INC
DEBUG:root:ORACLE CORP
DEBUG:root:PAGERDUTY INC
DEBUG:root:PAID INC
DEBUG:root:PALANTIR TECHNOLOG INC
DEBUG:root:PALO ALTO NETWORKS INC
DEBUG:root:PARETEUM CORP
DEBUG:root:PARK CITY GROUP INC
DEBUG:root:PAYBOX CORP
DEBUG:root:PAYCHEX INC
DEBUG:root:PAYCOM SOFTWARE INC
DEBUG:root:PAYLOCITY HOLDING CORP
DEBUG:root:PEGASYSTEMS INC
DEBUG:root:PHUNWARE INC
DEBUG:root:PING IDENTITY HOLDING CORP
DEBUG:root:PLURALSIGHT INC
DEBUG:root:PRIMAL SOLUTIONS INC
DEBUG:root:PROGRESS SOFTWARE CORP
DEBUG:root:PROOFPOINT INC
DEBUG:root:PROS HOLDINGS INC
DEBUG:root:PTC INC
DEBUG:root:PULSE EVOLUTION CORP
DEBUG:root:Q2 HOLDINGS INC
DEBUG:root:QAD INC
DEBUG:root:QUALYS INC
DEBUG:root:QUANTGATE SYSTEMS INC
ERROR:root:list index out of range
DEBUG:root:QUMU CORP
DEBUG:root:RAADR INC
DEBUG:root:RAND WORLDWIDE INC
DEBUG:root:RAPID7 INC
DEBUG:root:REALNETWORKS INC
DEBUG:root:REALPAGE INC
DEBUG:root:RIGHTSCORP INC
DEBUG:root:RINGCENTRAL INC
DEBUG:root:RIOT BLOCKCHAIN INC
DEBUG:root:ROCKETFUEL BLOCKCHAIN INC
DEBUG:root:RORINE INTL HOLDING CORP
ERROR:root:list index out of range
DEBUG:root:ROSETTA STONE INC
DEBUG:root:SAILPOINT TECHNO HLDG
ERROR:root:list index out of range
DEBUG:root:SALESFORCE.COM INC
DEBUG:root:SCIENT INC
DEBUG:root:SEACHANGE INTERNATIONAL INC
DEBUG:root:SECUREWORKS CORP
DEBUG:root:SERVICENOW INC
DEBUG:root:SHARPSPRING INC
DEBUG:root:SHOTSPOTTER INC
DEBUG:root:SIMTROL INC
DEBUG:root:SITO MOBILE LTD
DEBUG:root:SKYBOX INTL INC
ERROR:root:list index out of range
DEBUG:root:SLACK TECHNOLOGIES INC
DEBUG:root:SMARTMETRIC INC
DEBUG:root:SMARTSHEET INC
DEBUG:root:SMITH MICRO SOFTWARE INC
DEBUG:root:SNOWFLAKE INC
DEBUG:root:SOFTECH INC
DEBUG:root:SOLARWINDS CORP
DEBUG:root:SONIC FOUNDRY INC
DEBUG:root:SPLUNK INC
DEBUG:root:SPROUT SOCIAL INC
DEBUG:root:SPS COMMERCE INC
DEBUG:root:SS&C TECHNOLOGIES HLDGS INC
ERROR:root:list index out of range
DEBUG:root:SSI INVESTMENTS II LTD
DEBUG:root:SUMO LOGIC INC
DEBUG:root:SVMK INC
DEBUG:root:SYNACOR INC
DEBUG:root:SYNCHRONOSS TECHNOLOGIES
DEBUG:root:SYNOPSYS INC
DEBUG:root:TAUTACHROME INC
DEBUG:root:TELENAV INC
DEBUG:root:TENABLE HOLDINGS INC
DEBUG:root:TERADATA CORP
DEBUG:root:THEGLOBE.COM INC
ERROR:root:list index out of range
DEBUG:root:TIBCO SOFTWARE INC
DEBUG:root:TINTRI INC
DEBUG:root:TMM INC
DEBUG:root:TRADE DESK INC
DEBUG:root:TWILIO INC
DEBUG:root:TYLER TECHNOLOGIES INC
DEBUG:root:ULTIMATE SOFTWARE GROUP INC
DEBUG:root:UNITRONIX CORP
DEBUG:root:UNITY SOFTWARE INC
DEBUG:root:UPLAND SOFTWARE INC
DEBUG:root:VANCORD CAPITAL INC
ERROR:root:list index out of range
DEBUG:root:VARONIS SYSTEMS INC
DEBUG:root:VDO-PH INTERNATIONAL INC
ERROR:root:list index out of range
DEBUG:root:VEEVA SYSTEMS INC
DEBUG:root:VERB TECHNOLOGY CO INC
DEBUG:root:VERINT SYSTEMS INC
DEBUG:root:VERITONE INC
DEBUG:root:VERTEX INC
DEBUG:root:VERTICAL COMPUTER SYS INC
DEBUG:root:VIRNETX HOLDING CORP
DEBUG:root:VIVA ENTERTAINMENT GROUP INC
DEBUG:root:VMWARE INC -CL A
ERROR:root:list index out of range
DEBUG:root:VOYAGER DIGITAL LTD
DEBUG:root:VUBOTICS INC
DEBUG:root:WOD RETAIL SOLUTIONS
DEBUG:root:WORKDAY INC
DEBUG:root:WORKIVA INC
DEBUG:root:XCELMOBILITY INC
DEBUG:root:XPERI HOLDING CORP
DEBUG:root:YAPPN CORP
DEBUG:root:YEXT INC
DEBUG:root:ZENDESK INC
DEBUG:root:ZIX CORP
DEBUG:root:ZOOM TELEPHONICS INC
DEBUG:root:ZOOM VIDEO COMUNICATIONS INC
ERROR:root:list index out of range
DEBUG:root:ZOOMAWAY TRAVEL INC
DEBUG:root:ZOOMINFO TECHNOLOGIES
DEBUG:root:ZSCALER INC
DEBUG:root:ZUORA INC
